<?xml version="1.0" encoding="UTF-8"?>
<testng-results skipped="0" failed="1" total="13" passed="12">
  <reporter-output>
  </reporter-output>
  <suite name="Default suite" duration-ms="31" started-at="2011-09-30T08:54:09Z" finished-at="2011-09-30T08:54:09Z">
    <groups>
    </groups>
    <test name="Default test" duration-ms="31" started-at="2011-09-30T08:54:09Z" finished-at="2011-09-30T08:54:09Z">
      <class name="com.takako.MoneyTest">
        <test-method status="PASS" signature="testEquality()" name="testEquality" duration-ms="0" started-at="2011-09-30T08:54:09Z" finished-at="2011-09-30T08:54:09Z">
        </test-method>
        <test-method status="PASS" signature="testCurrency()" name="testCurrency" duration-ms="0" started-at="2011-09-30T08:54:09Z" finished-at="2011-09-30T08:54:09Z">
        </test-method>
        <test-method status="PASS" signature="testIdentityRate()" name="testIdentityRate" duration-ms="0" started-at="2011-09-30T08:54:09Z" finished-at="2011-09-30T08:54:09Z">
        </test-method>
        <test-method status="FAIL" signature="testPlusSameCurrencyReturnMoney()" name="testPlusSameCurrencyReturnMoney" duration-ms="0" started-at="2011-09-30T08:54:09Z" finished-at="2011-09-30T08:54:09Z">
          <exception class="java.lang.AssertionError">
            <full-stacktrace>
              <![CDATA[java.lang.AssertionError: 
	at org.testng.AssertJUnit.fail(AssertJUnit.java:59)
	at org.testng.AssertJUnit.assertTrue(AssertJUnit.java:24)
	at org.testng.AssertJUnit.assertTrue(AssertJUnit.java:33)
	at com.takako.MoneyTest.testPlusSameCurrencyReturnMoney(MoneyTest.java:114)
	at sun.reflect.NativeMethodAccessorImpl.invoke0(Native Method)
	at sun.reflect.NativeMethodAccessorImpl.invoke(NativeMethodAccessorImpl.java:39)
	at sun.reflect.DelegatingMethodAccessorImpl.invoke(DelegatingMethodAccessorImpl.java:25)
	at java.lang.reflect.Method.invoke(Method.java:597)
	at org.testng.internal.MethodInvocationHelper.invokeMethod(MethodInvocationHelper.java:80)
	at org.testng.internal.Invoker.invokeMethod(Invoker.java:676)
	at org.testng.internal.Invoker.invokeTestMethod(Invoker.java:845)
	at org.testng.internal.Invoker.invokeTestMethods(Invoker.java:1169)
	at org.testng.internal.TestMethodWorker.invokeTestMethods(TestMethodWorker.java:125)
	at org.testng.internal.TestMethodWorker.run(TestMethodWorker.java:109)
	at org.testng.TestRunner.runWorkers(TestRunner.java:1182)
	at org.testng.TestRunner.privateRun(TestRunner.java:761)
	at org.testng.TestRunner.run(TestRunner.java:612)
	at org.testng.SuiteRunner.runTest(SuiteRunner.java:335)
	at org.testng.SuiteRunner.runSequentially(SuiteRunner.java:330)
	at org.testng.SuiteRunner.privateRun(SuiteRunner.java:292)
	at org.testng.SuiteRunner.run(SuiteRunner.java:241)
	at org.testng.SuiteRunnerWorker.runSuite(SuiteRunnerWorker.java:52)
	at org.testng.SuiteRunnerWorker.run(SuiteRunnerWorker.java:86)
	at org.testng.TestNG.runSuitesSequentially(TestNG.java:1169)
	at org.testng.TestNG.runSuitesLocally(TestNG.java:1094)
	at org.testng.TestNG.run(TestNG.java:1006)
	at org.testng.remote.RemoteTestNG.run(RemoteTestNG.java:107)
	at org.testng.remote.RemoteTestNG.initAndRun(RemoteTestNG.java:199)
	at org.testng.remote.RemoteTestNG.main(RemoteTestNG.java:170)
]]>
            </full-stacktrace>
          </exception>
        </test-method>
        <test-method status="PASS" signature="testReduceMoneyDifferentCurrency()" name="testReduceMoneyDifferentCurrency" duration-ms="0" started-at="2011-09-30T08:54:09Z" finished-at="2011-09-30T08:54:09Z">
        </test-method>
        <test-method status="PASS" signature="testReduceMoney()" name="testReduceMoney" duration-ms="0" started-at="2011-09-30T08:54:09Z" finished-at="2011-09-30T08:54:09Z">
        </test-method>
        <test-method status="PASS" signature="testSumTimes()" name="testSumTimes" duration-ms="0" started-at="2011-09-30T08:54:09Z" finished-at="2011-09-30T08:54:09Z">
        </test-method>
        <test-method status="PASS" signature="testReduceSum()" name="testReduceSum" duration-ms="0" started-at="2011-09-30T08:54:09Z" finished-at="2011-09-30T08:54:09Z">
        </test-method>
        <test-method status="PASS" signature="testPlusReturnsSum()" name="testPlusReturnsSum" duration-ms="0" started-at="2011-09-30T08:54:09Z" finished-at="2011-09-30T08:54:09Z">
        </test-method>
        <test-method status="PASS" signature="testSumPlusMoney()" name="testSumPlusMoney" duration-ms="0" started-at="2011-09-30T08:54:09Z" finished-at="2011-09-30T08:54:09Z">
        </test-method>
        <test-method status="PASS" signature="testSimpleAddition()" name="testSimpleAddition" duration-ms="0" started-at="2011-09-30T08:54:09Z" finished-at="2011-09-30T08:54:09Z">
        </test-method>
        <test-method status="PASS" signature="testMixedAddition()" name="testMixedAddition" duration-ms="0" started-at="2011-09-30T08:54:09Z" finished-at="2011-09-30T08:54:09Z">
        </test-method>
        <test-method status="PASS" signature="testMultiplication()" name="testMultiplication" duration-ms="0" started-at="2011-09-30T08:54:09Z" finished-at="2011-09-30T08:54:09Z">
        </test-method>
      </class>
    </test>
  </suite>
</testng-results>
